Watching for file changes with StatReloader
Not Found: /api/projects/list
[28/Jul/2025 13:09:54] "GET /api/projects/list HTTP/1.1" 404 7015
[28/Jul/2025 13:23:00] "GET /api/projects/ HTTP/1.1" 200 4263
[28/Jul/2025 14:17:00] "GET /api/server-info/ HTTP/1.1" 200 94
[28/Jul/2025 14:17:07] "GET /api/projects/ HTTP/1.1" 200 4263
[28/Jul/2025 14:17:07] "GET /api/projects/ HTTP/1.1" 200 4263
[28/Jul/2025 14:17:53] "GET /api/projects/?lang=ja HTTP/1.1" 200 4263
[28/Jul/2025 14:17:53] "GET /api/projects/?lang=ja HTTP/1.1" 200 4263
Not Found: /api/files/tree/minimal_test
[28/Jul/2025 14:17:58] "GET /api/files/tree/minimal_test HTTP/1.1" 404 7045
[28/Jul/2025 14:18:06] "GET /api/projects/?lang=ja HTTP/1.1" 200 4263
[28/Jul/2025 14:18:06] "GET /api/projects/?lang=ja HTTP/1.1" 200 4263
Not Found: /api/files/tree/testProject
[28/Jul/2025 14:18:13] "GET /api/files/tree/testProject HTTP/1.1" 404 7042
Not Found: /api/files/tree/testProject
[28/Jul/2025 14:18:13] "GET /api/files/tree/testProject HTTP/1.1" 404 7042
Not Found: /api/files/tree/testProject
[28/Jul/2025 14:18:15] "GET /api/files/tree/testProject HTTP/1.1" 404 7042
Not Found: /api/files/tree/minimal_test
[28/Jul/2025 14:18:25] "GET /api/files/tree/minimal_test HTTP/1.1" 404 7045
Not Found: /api/files/tree/minimal_test
[28/Jul/2025 14:18:25] "GET /api/files/tree/minimal_test HTTP/1.1" 404 7045
[28/Jul/2025 14:18:25] "GET /api/projects/?lang=ja HTTP/1.1" 200 4263
[28/Jul/2025 14:18:25] "GET /api/projects/?lang=ja HTTP/1.1" 200 4263
Not Found: /api/files/tree/minimal_test
[28/Jul/2025 14:18:50] "GET /api/files/tree/minimal_test HTTP/1.1" 404 7045
Not Found: /api/files/tree/minimal_test
[28/Jul/2025 14:18:50] "GET /api/files/tree/minimal_test HTTP/1.1" 404 7045
[28/Jul/2025 14:19:47] "GET /api/files/tree/minimal_test/ HTTP/1.1" 200 459
[28/Jul/2025 14:24:23] "GET /api/projects/?lang=ja HTTP/1.1" 200 4263
[28/Jul/2025 14:24:23] "GET /api/projects/?lang=ja HTTP/1.1" 200 4263
[28/Jul/2025 14:24:24] "GET /api/files/tree/testProject/ HTTP/1.1" 200 643
[28/Jul/2025 14:24:24] "GET /api/files/tree/testProject/ HTTP/1.1" 200 643
[28/Jul/2025 14:24:25] "GET /api/projects/?lang=ja HTTP/1.1" 200 4263
[28/Jul/2025 14:24:25] "GET /api/projects/?lang=ja HTTP/1.1" 200 4263
[28/Jul/2025 14:24:30] "GET /api/files/tree/minimal_test/ HTTP/1.1" 200 459
[28/Jul/2025 14:24:30] "GET /api/files/tree/minimal_test/ HTTP/1.1" 200 459
[28/Jul/2025 14:30:32] "GET /api/projects/?lang=ja HTTP/1.1" 200 4263
[28/Jul/2025 14:30:32] "GET /api/projects/?lang=ja HTTP/1.1" 200 4263
[28/Jul/2025 14:30:32] "GET /api/projects/?lang=ja HTTP/1.1" 200 4263
[28/Jul/2025 14:30:32] "GET /api/projects/?lang=ja HTTP/1.1" 200 4263
[28/Jul/2025 14:30:37] "GET /api/projects/?lang=ja HTTP/1.1" 200 4263
[28/Jul/2025 14:30:37] "GET /api/projects/?lang=ja HTTP/1.1" 200 4263
[28/Jul/2025 14:30:41] "GET /api/projects/?lang=ja HTTP/1.1" 200 4263
[28/Jul/2025 14:30:41] "GET /api/projects/?lang=ja HTTP/1.1" 200 4263
[28/Jul/2025 14:30:44] "GET /api/files/tree/testProject/ HTTP/1.1" 200 643
[28/Jul/2025 14:30:44] "GET /api/files/tree/testProject/ HTTP/1.1" 200 643
[28/Jul/2025 14:30:50] "GET /api/projects/?lang=ja HTTP/1.1" 200 4263
[28/Jul/2025 14:30:50] "GET /api/projects/?lang=ja HTTP/1.1" 200 4263
[28/Jul/2025 14:30:50] "GET /api/projects/?lang=ja HTTP/1.1" 200 4263
[28/Jul/2025 14:30:50] "GET /api/projects/?lang=ja HTTP/1.1" 200 4263
[28/Jul/2025 14:30:55] "GET /api/projects/?lang=ja HTTP/1.1" 200 4263
[28/Jul/2025 14:30:55] "GET /api/projects/?lang=ja HTTP/1.1" 200 4263
[28/Jul/2025 14:31:07] "GET /api/projects/?lang=ja HTTP/1.1" 200 4263
[28/Jul/2025 14:31:07] "GET /api/projects/?lang=ja HTTP/1.1" 200 4263
[28/Jul/2025 14:31:12] "GET /api/projects/?lang=ja HTTP/1.1" 200 4263
[28/Jul/2025 14:31:12] "GET /api/projects/?lang=ja HTTP/1.1" 200 4263
[28/Jul/2025 14:31:37] "GET /api/projects/?lang=ja HTTP/1.1" 200 4263
[28/Jul/2025 14:31:37] "GET /api/projects/?lang=ja HTTP/1.1" 200 4263
[28/Jul/2025 14:36:03] "GET /api/files/tree/testProject/ HTTP/1.1" 200 643
[28/Jul/2025 14:36:03] "GET /api/files/tree/testProject/ HTTP/1.1" 200 643
[28/Jul/2025 14:39:35] "GET /api/files/tree/testProject/ HTTP/1.1" 200 643
[28/Jul/2025 14:39:35] "GET /api/files/tree/testProject/ HTTP/1.1" 200 643
[28/Jul/2025 14:39:59] "GET /api/files/tree/testProject/ HTTP/1.1" 200 643
[28/Jul/2025 14:39:59] "GET /api/projects/ HTTP/1.1" 200 4263
[28/Jul/2025 14:39:59] "GET /api/files/tree/testProject/ HTTP/1.1" 200 643
[28/Jul/2025 14:39:59] "GET /api/projects/ HTTP/1.1" 200 4263
Not Found: /api/files/tags/testProject/
[28/Jul/2025 14:45:03] "POST /api/files/tags/testProject/ HTTP/1.1" 404 7046
